{"/Users/jleemt/Desktop/dev/wx-formdata/src/index.ts": {"path":"/Users/jleemt/Desktop/dev/wx-formdata/src/index.ts","statementMap":{"0":{"start":{"line":1,"column":0},"end":{"line":1,"column":36}},"1":{"start":{"line":2,"column":0},"end":{"line":2,"column":39}},"2":{"start":{"line":10,"column":29},"end":{"line":10,"column":null}},"3":{"start":{"line":11,"column":11},"end":{"line":11,"column":13}},"4":{"start":{"line":12,"column":1},"end":{"line":21,"column":null}},"5":{"start":{"line":12,"column":14},"end":{"line":12,"column":15}},"6":{"start":{"line":13,"column":12},"end":{"line":13,"column":49}},"7":{"start":{"line":14,"column":2},"end":{"line":20,"column":null}},"8":{"start":{"line":15,"column":3},"end":{"line":15,"column":12}},"9":{"start":{"line":16,"column":9},"end":{"line":20,"column":null}},"10":{"start":{"line":17,"column":3},"end":{"line":17,"column":38}},"11":{"start":{"line":19,"column":3},"end":{"line":19,"column":38}},"12":{"start":{"line":22,"column":1},"end":{"line":22,"column":12}},"13":{"start":{"line":10,"column":0},"end":{"line":10,"column":16}},"14":{"start":{"line":31,"column":18},"end":{"line":31,"column":20}},"15":{"start":{"line":32,"column":16},"end":{"line":32,"column":26}},"16":{"start":{"line":34,"column":1},"end":{"line":34,"column":33}},"17":{"start":{"line":35,"column":1},"end":{"line":35,"column":69}},"18":{"start":{"line":37,"column":1},"end":{"line":43,"column":null}},"19":{"start":{"line":38,"column":2},"end":{"line":38,"column":57}},"20":{"start":{"line":39,"column":2},"end":{"line":39,"column":66}},"21":{"start":{"line":41,"column":2},"end":{"line":41,"column":27}},"22":{"start":{"line":42,"column":2},"end":{"line":42,"column":22}},"23":{"start":{"line":45,"column":17},"end":{"line":45,"column":19}},"24":{"start":{"line":46,"column":1},"end":{"line":49,"column":null}},"25":{"start":{"line":46,"column":14},"end":{"line":46,"column":15}},"26":{"start":{"line":48,"column":2},"end":{"line":48,"column":46}},"27":{"start":{"line":51,"column":1},"end":{"line":54,"column":null}},"28":{"start":{"line":52,"column":20},"end":{"line":52,"column":41}},"29":{"start":{"line":53,"column":2},"end":{"line":53,"column":70}},"30":{"start":{"line":55,"column":1},"end":{"line":55,"column":39}},"31":{"start":{"line":56,"column":1},"end":{"line":56,"column":39}},"32":{"start":{"line":58,"column":1},"end":{"line":58,"column":18}},"33":{"start":{"line":25,"column":0},"end":{"line":25,"column":16}},"34":{"start":{"line":61,"column":0},"end":{"line":87,"column":2}},"35":{"start":{"line":62,"column":13},"end":{"line":62,"column":15}},"36":{"start":{"line":63,"column":9},"end":{"line":63,"column":10}},"37":{"start":{"line":64,"column":9},"end":{"line":64,"column":27}},"38":{"start":{"line":65,"column":1},"end":{"line":85,"column":null}},"39":{"start":{"line":66,"column":2},"end":{"line":66,"column":15}},"40":{"start":{"line":67,"column":8},"end":{"line":85,"column":null}},"41":{"start":{"line":68,"column":2},"end":{"line":68,"column":28}},"42":{"start":{"line":69,"column":2},"end":{"line":69,"column":28}},"43":{"start":{"line":70,"column":8},"end":{"line":85,"column":null}},"44":{"start":{"line":76,"column":2},"end":{"line":76,"column":71}},"45":{"start":{"line":77,"column":2},"end":{"line":77,"column":29}},"46":{"start":{"line":78,"column":2},"end":{"line":78,"column":36}},"47":{"start":{"line":79,"column":2},"end":{"line":79,"column":35}},"48":{"start":{"line":80,"column":2},"end":{"line":80,"column":28}},"49":{"start":{"line":82,"column":2},"end":{"line":82,"column":29}},"50":{"start":{"line":83,"column":2},"end":{"line":83,"column":35}},"51":{"start":{"line":84,"column":2},"end":{"line":84,"column":28}},"52":{"start":{"line":86,"column":1},"end":{"line":86,"column":12}},"53":{"start":{"line":98,"column":0},"end":{"line":98,"column":null}},"54":{"start":{"line":99,"column":1},"end":{"line":99,"column":41}},"55":{"start":{"line":100,"column":1},"end":{"line":100,"column":17}},"56":{"start":{"line":103,"column":1},"end":{"line":107,"column":null}},"57":{"start":{"line":104,"column":2},"end":{"line":106,"column":null}},"58":{"start":{"line":105,"column":3},"end":{"line":105,"column":52}},"59":{"start":{"line":108,"column":1},"end":{"line":122,"column":null}},"60":{"start":{"line":109,"column":2},"end":{"line":112,"column":null}},"61":{"start":{"line":110,"column":3},"end":{"line":110,"column":37}},"62":{"start":{"line":111,"column":3},"end":{"line":111,"column":10}},"63":{"start":{"line":114,"column":17},"end":{"line":114,"column":68}},"64":{"start":{"line":116,"column":2},"end":{"line":116,"column":24}},"65":{"start":{"line":118,"column":2},"end":{"line":121,"column":4}},"66":{"start":{"line":124,"column":1},"end":{"line":126,"column":null}},"67":{"start":{"line":125,"column":2},"end":{"line":125,"column":25}},"68":{"start":{"line":128,"column":1},"end":{"line":130,"column":null}},"69":{"start":{"line":129,"column":2},"end":{"line":129,"column":25}},"70":{"start":{"line":132,"column":1},"end":{"line":134,"column":null}},"71":{"start":{"line":133,"column":2},"end":{"line":133,"column":39}},"72":{"start":{"line":136,"column":1},"end":{"line":140,"column":null}},"73":{"start":{"line":137,"column":17},"end":{"line":137,"column":52}},"74":{"start":{"line":138,"column":2},"end":{"line":138,"column":24}},"75":{"start":{"line":139,"column":2},"end":{"line":139,"column":34}},"76":{"start":{"line":142,"column":1},"end":{"line":144,"column":null}},"77":{"start":{"line":143,"column":2},"end":{"line":143,"column":33}},"78":{"start":{"line":146,"column":1},"end":{"line":180,"column":null}},"79":{"start":{"line":147,"column":22},"end":{"line":147,"column":56}},"80":{"start":{"line":148,"column":17},"end":{"line":148,"column":21}},"81":{"start":{"line":149,"column":19},"end":{"line":149,"column":39}},"82":{"start":{"line":150,"column":22},"end":{"line":150,"column":39}},"83":{"start":{"line":152,"column":25},"end":{"line":152,"column":27}},"84":{"start":{"line":155,"column":2},"end":{"line":165,"column":null}},"85":{"start":{"line":156,"column":3},"end":{"line":164,"column":null}},"86":{"start":{"line":157,"column":4},"end":{"line":163,"column":null}},"87":{"start":{"line":158,"column":5},"end":{"line":160,"column":7}},"88":{"start":{"line":162,"column":5},"end":{"line":162,"column":75}},"89":{"start":{"line":168,"column":27},"end":{"line":168,"column":29}},"90":{"start":{"line":169,"column":2},"end":{"line":172,"column":null}},"91":{"start":{"line":169,"column":15},"end":{"line":169,"column":16}},"92":{"start":{"line":171,"column":3},"end":{"line":171,"column":55}},"93":{"start":{"line":174,"column":2},"end":{"line":174,"column":49}},"94":{"start":{"line":176,"column":2},"end":{"line":179,"column":4}},"95":{"start":{"line":101,"column":8},"end":{"line":101,"column":42}},"96":{"start":{"line":181,"column":0},"end":{"line":181,"column":null}},"97":{"start":{"line":183,"column":0},"end":{"line":183,"column":24}}},"fnMap":{"0":{"name":"randomString","decl":{"start":{"line":10,"column":16},"end":{"line":10,"column":28}},"loc":{"start":{"line":10,"column":40},"end":{"line":23,"column":1}}},"1":{"name":"formDataArray","decl":{"start":{"line":25,"column":16},"end":{"line":25,"column":29}},"loc":{"start":{"line":29,"column":18},"end":{"line":59,"column":1}}},"2":{"name":"(anonymous_3)","decl":{"start":{"line":61,"column":30},"end":{"line":61,"column":40}},"loc":{"start":{"line":61,"column":49},"end":{"line":87,"column":1}}},"3":{"name":"(anonymous_4)","decl":{"start":{"line":98,"column":0},"end":{"line":98,"column":null}},"loc":{"start":{"line":98,"column":0},"end":{"line":98,"column":null}}},"4":{"name":"(anonymous_6)","decl":{"start":{"line":103,"column":1},"end":{"line":103,"column":9}},"loc":{"start":{"line":103,"column":21},"end":{"line":107,"column":2}}},"5":{"name":"(anonymous_7)","decl":{"start":{"line":108,"column":1},"end":{"line":108,"column":7}},"loc":{"start":{"line":108,"column":64},"end":{"line":122,"column":2}}},"6":{"name":"(anonymous_8)","decl":{"start":{"line":124,"column":1},"end":{"line":124,"column":4}},"loc":{"start":{"line":124,"column":17},"end":{"line":126,"column":2}}},"7":{"name":"(anonymous_9)","decl":{"start":{"line":128,"column":1},"end":{"line":128,"column":7}},"loc":{"start":{"line":128,"column":20},"end":{"line":130,"column":2}}},"8":{"name":"(anonymous_10)","decl":{"start":{"line":132,"column":1},"end":{"line":132,"column":4}},"loc":{"start":{"line":132,"column":17},"end":{"line":134,"column":2}}},"9":{"name":"(anonymous_11)","decl":{"start":{"line":136,"column":1},"end":{"line":136,"column":11}},"loc":{"start":{"line":136,"column":38},"end":{"line":140,"column":2}}},"10":{"name":"(anonymous_12)","decl":{"start":{"line":142,"column":1},"end":{"line":142,"column":8}},"loc":{"start":{"line":142,"column":1},"end":{"line":144,"column":2}}},"11":{"name":"(anonymous_13)","decl":{"start":{"line":146,"column":1},"end":{"line":146,"column":8}},"loc":{"start":{"line":146,"column":19},"end":{"line":180,"column":2}}}},"branchMap":{"0":{"loc":{"start":{"line":10,"column":29},"end":{"line":10,"column":null}},"type":"if","locations":[{"start":{"line":10,"column":29},"end":{"line":10,"column":null}},{"start":{"line":10,"column":29},"end":{"line":10,"column":null}}]},"1":{"loc":{"start":{"line":14,"column":2},"end":{"line":20,"column":null}},"type":"if","locations":[{"start":{"line":14,"column":2},"end":{"line":20,"column":null}},{"start":{"line":14,"column":2},"end":{"line":20,"column":null}}]},"2":{"loc":{"start":{"line":16,"column":9},"end":{"line":20,"column":null}},"type":"if","locations":[{"start":{"line":16,"column":9},"end":{"line":20,"column":null}},{"start":{"line":16,"column":9},"end":{"line":20,"column":null}}]},"3":{"loc":{"start":{"line":37,"column":1},"end":{"line":43,"column":null}},"type":"if","locations":[{"start":{"line":37,"column":1},"end":{"line":43,"column":null}},{"start":{"line":37,"column":1},"end":{"line":43,"column":null}}]},"4":{"loc":{"start":{"line":51,"column":1},"end":{"line":54,"column":null}},"type":"if","locations":[{"start":{"line":51,"column":1},"end":{"line":54,"column":null}},{"start":{"line":51,"column":1},"end":{"line":54,"column":null}}]},"5":{"loc":{"start":{"line":65,"column":1},"end":{"line":85,"column":null}},"type":"if","locations":[{"start":{"line":65,"column":1},"end":{"line":85,"column":null}},{"start":{"line":65,"column":1},"end":{"line":85,"column":null}}]},"6":{"loc":{"start":{"line":67,"column":8},"end":{"line":85,"column":null}},"type":"if","locations":[{"start":{"line":67,"column":8},"end":{"line":85,"column":null}},{"start":{"line":67,"column":8},"end":{"line":85,"column":null}}]},"7":{"loc":{"start":{"line":70,"column":8},"end":{"line":85,"column":null}},"type":"if","locations":[{"start":{"line":70,"column":8},"end":{"line":85,"column":null}},{"start":{"line":70,"column":8},"end":{"line":85,"column":null}}]},"8":{"loc":{"start":{"line":71,"column":2},"end":{"line":71,"column":25}},"type":"binary-expr","locations":[{"start":{"line":71,"column":2},"end":{"line":71,"column":25}},{"start":{"line":72,"column":2},"end":{"line":72,"column":21}},{"start":{"line":73,"column":2},"end":{"line":73,"column":46}}]},"9":{"loc":{"start":{"line":104,"column":2},"end":{"line":106,"column":null}},"type":"if","locations":[{"start":{"line":104,"column":2},"end":{"line":106,"column":null}},{"start":{"line":104,"column":2},"end":{"line":106,"column":null}}]},"10":{"loc":{"start":{"line":109,"column":2},"end":{"line":112,"column":null}},"type":"if","locations":[{"start":{"line":109,"column":2},"end":{"line":112,"column":null}},{"start":{"line":109,"column":2},"end":{"line":112,"column":null}}]},"11":{"loc":{"start":{"line":114,"column":25},"end":{"line":114,"column":30}},"type":"cond-expr","locations":[{"start":{"line":114,"column":25},"end":{"line":114,"column":30}},{"start":{"line":114,"column":33},"end":{"line":114,"column":68}}]},"12":{"loc":{"start":{"line":155,"column":2},"end":{"line":165,"column":null}},"type":"if","locations":[{"start":{"line":155,"column":2},"end":{"line":165,"column":null}},{"start":{"line":155,"column":2},"end":{"line":165,"column":null}}]},"13":{"loc":{"start":{"line":155,"column":6},"end":{"line":155,"column":10}},"type":"binary-expr","locations":[{"start":{"line":155,"column":6},"end":{"line":155,"column":10}},{"start":{"line":155,"column":14},"end":{"line":155,"column":71}}]},"14":{"loc":{"start":{"line":157,"column":4},"end":{"line":163,"column":null}},"type":"if","locations":[{"start":{"line":157,"column":4},"end":{"line":163,"column":null}},{"start":{"line":157,"column":4},"end":{"line":163,"column":null}}]}},"s":{"0":1,"1":1,"2":4,"3":2,"4":2,"5":2,"6":34,"7":34,"8":5,"9":29,"10":13,"11":16,"12":2,"13":1,"14":3,"15":3,"16":3,"17":3,"18":3,"19":2,"20":2,"21":1,"22":1,"23":3,"24":3,"25":3,"26":314,"27":3,"28":2,"29":2,"30":3,"31":3,"32":3,"33":1,"34":1,"35":361,"36":361,"37":361,"38":361,"39":361,"40":0,"41":0,"42":0,"43":0,"44":0,"45":0,"46":0,"47":0,"48":0,"49":0,"50":0,"51":0,"52":361,"53":1,"54":1,"55":1,"56":1,"57":1,"58":0,"59":1,"60":2,"61":1,"62":1,"63":1,"64":1,"65":1,"66":1,"67":2,"68":1,"69":1,"70":1,"71":2,"72":1,"73":0,"74":0,"75":0,"76":1,"77":1,"78":1,"79":1,"80":1,"81":1,"82":1,"83":1,"84":1,"85":1,"86":1,"87":1,"88":0,"89":1,"90":1,"91":1,"92":41,"93":1,"94":1,"95":1,"96":1,"97":1},"f":{"0":2,"1":3,"2":361,"3":2,"4":1,"5":2,"6":2,"7":1,"8":2,"9":0,"10":1,"11":1},"b":{"0":[2,0],"1":[5,29],"2":[13,16],"3":[2,1],"4":[2,1],"5":[361,0],"6":[0,0],"7":[0,0],"8":[0,0,0],"9":[0,1],"10":[1,1],"11":[1,0],"12":[1,0],"13":[1,1],"14":[1,0]}}
}
