TN:
SF:src/index.ts
FN:10,randomString
FN:25,formDataArray
FN:61,(anonymous_3)
FN:98,(anonymous_4)
FN:103,(anonymous_6)
FN:108,(anonymous_7)
FN:124,(anonymous_8)
FN:128,(anonymous_9)
FN:132,(anonymous_10)
FN:136,(anonymous_11)
FN:142,(anonymous_12)
FN:146,(anonymous_13)
FNF:12
FNH:11
FNDA:2,randomString
FNDA:3,formDataArray
FNDA:361,(anonymous_3)
FNDA:2,(anonymous_4)
FNDA:1,(anonymous_6)
FNDA:2,(anonymous_7)
FNDA:2,(anonymous_8)
FNDA:1,(anonymous_9)
FNDA:2,(anonymous_10)
FNDA:0,(anonymous_11)
FNDA:1,(anonymous_12)
FNDA:1,(anonymous_13)
DA:1,1
DA:2,1
DA:10,4
DA:11,2
DA:12,2
DA:13,34
DA:14,34
DA:15,5
DA:16,29
DA:17,13
DA:19,16
DA:22,2
DA:25,1
DA:31,3
DA:32,3
DA:34,3
DA:35,3
DA:37,3
DA:38,2
DA:39,2
DA:41,1
DA:42,1
DA:45,3
DA:46,3
DA:48,314
DA:51,3
DA:52,2
DA:53,2
DA:55,3
DA:56,3
DA:58,3
DA:61,1
DA:62,361
DA:63,361
DA:64,361
DA:65,361
DA:66,361
DA:67,0
DA:68,0
DA:69,0
DA:70,0
DA:76,0
DA:77,0
DA:78,0
DA:79,0
DA:80,0
DA:82,0
DA:83,0
DA:84,0
DA:86,361
DA:98,1
DA:99,1
DA:100,1
DA:101,1
DA:103,1
DA:104,1
DA:105,0
DA:108,1
DA:109,2
DA:110,1
DA:111,1
DA:114,1
DA:116,1
DA:118,1
DA:124,1
DA:125,2
DA:128,1
DA:129,1
DA:132,1
DA:133,2
DA:136,1
DA:137,0
DA:138,0
DA:139,0
DA:142,1
DA:143,1
DA:146,1
DA:147,1
DA:148,1
DA:149,1
DA:150,1
DA:152,1
DA:155,1
DA:156,1
DA:157,1
DA:158,1
DA:162,0
DA:168,1
DA:169,1
DA:171,41
DA:174,1
DA:176,1
DA:181,1
DA:183,1
LF:94
LH:77
BRDA:10,0,0,2
BRDA:10,0,1,0
BRDA:14,1,0,5
BRDA:14,1,1,29
BRDA:16,2,0,13
BRDA:16,2,1,16
BRDA:37,3,0,2
BRDA:37,3,1,1
BRDA:51,4,0,2
BRDA:51,4,1,1
BRDA:65,5,0,361
BRDA:65,5,1,0
BRDA:67,6,0,0
BRDA:67,6,1,0
BRDA:70,7,0,0
BRDA:70,7,1,0
BRDA:71,8,0,0
BRDA:71,8,1,0
BRDA:71,8,2,0
BRDA:104,9,0,0
BRDA:104,9,1,1
BRDA:109,10,0,1
BRDA:109,10,1,1
BRDA:114,11,0,1
BRDA:114,11,1,0
BRDA:155,12,0,1
BRDA:155,12,1,0
BRDA:155,13,0,1
BRDA:155,13,1,1
BRDA:157,14,0,1
BRDA:157,14,1,0
BRF:31
BRH:18
end_of_record
